<?xml version="1.0" encoding="UTF-8"?>
<!-- Generated by org.testng.reporters.JUnitReportReporter -->
<testsuite hostname="Mayankas-MacBook-Air.local" failures="0" tests="3" name="com.qa.TestNG.Class2nd" time="0.039" errors="0" timestamp="2024-05-26T23:43:29 IST" skipped="0">
  <testcase classname="com.qa.TestNG.Class2nd" name="carLoanMobilePage" time="0.010"/>
  <testcase classname="com.qa.TestNG.Class2nd" name="carLoanAPIPage" time="0.015"/>
  <testcase classname="com.qa.TestNG.Class2nd" name="carLoanWebPage" time="0.014"/>
</testsuite> <!-- com.qa.TestNG.Class2nd -->
