<?xml version="1.0" encoding="UTF-8"?>
<!-- Generated by org.testng.reporters.JUnitReportReporter -->
<testsuite hostname="Mayankas-MacBook-Air.local" failures="0" tests="6" name="com.qa.TestNG.Class3rd" time="0.004" errors="0" timestamp="2024-06-21T16:42:25 IST" skipped="0">
  <testcase classname="com.qa.TestNG.Class3rd" name="excludehomeLoanMobilePage" time="0.001"/>
  <testcase classname="com.qa.TestNG.Class3rd" name="excludehomeLoanWebage" time="0.000"/>
  <testcase classname="com.qa.TestNG.Class3rd" name="homeLoanMobilePage" time="0.000"/>
  <testcase classname="com.qa.TestNG.Class3rd" name="excludehomeLoanAPIPage" time="0.001"/>
  <testcase classname="com.qa.TestNG.Class3rd" name="homeLoanAPIPage" time="0.001"/>
  <testcase classname="com.qa.TestNG.Class3rd" name="homeLoanWebPage" time="0.001"/>
</testsuite> <!-- com.qa.TestNG.Class3rd -->
