<?xml version="1.0" encoding="UTF-8"?>
<!-- Generated by org.testng.reporters.JUnitReportReporter -->
<testsuite hostname="Mayankas-MacBook-Air.local" failures="0" tests="2" name="UdemyAutomation.StandAloneTestForBaseTest" time="44.565" errors="0" timestamp="2024-06-11T16:15:10 IST" skipped="0">
  <testcase classname="UdemyAutomation.StandAloneTestForBaseTest" name="purchaseCloth" time="25.251"/>
  <testcase classname="UdemyAutomation.StandAloneTestForBaseTest" name="purchaseCloth" time="19.314"/>
</testsuite> <!-- UdemyAutomation.StandAloneTestForBaseTest -->
