<?xml version="1.0" encoding="UTF-8"?>
<!-- Generated by org.testng.reporters.JUnitReportReporter -->
<testsuite hostname="Mayankas-MacBook-Air.local" failures="0" tests="1" name="UdemyAutomation.StandAloneTesForBaseTest" time="72.569" errors="0" timestamp="2024-06-04T15:42:01 IST" skipped="0">
  <testcase classname="UdemyAutomation.StandAloneTesForBaseTest" name="purchaseCloth" time="72.569"/>
</testsuite> <!-- UdemyAutomation.StandAloneTesForBaseTest -->
