<?xml version="1.0" encoding="UTF-8"?>
<!-- Generated by org.testng.reporters.JUnitReportReporter -->
<testsuite hostname="Mayankas-MacBook-Air.local" failures="0" tests="6" name="com.qa.TestNG.Class3rd" time="0.032" errors="0" timestamp="2024-05-26T23:43:29 IST" skipped="0">
  <testcase classname="com.qa.TestNG.Class3rd" name="homeLoanMobilePage" time="0.008"/>
  <testcase classname="com.qa.TestNG.Class3rd" name="excludehomeLoanWebage" time="0.009"/>
  <testcase classname="com.qa.TestNG.Class3rd" name="excludehomeLoanAPIPage" time="0.006"/>
  <testcase classname="com.qa.TestNG.Class3rd" name="excludehomeLoanMobilePage" time="0.006"/>
  <testcase classname="com.qa.TestNG.Class3rd" name="homeLoanAPIPage" time="0.000"/>
  <testcase classname="com.qa.TestNG.Class3rd" name="homeLoanWebPage" time="0.003"/>
</testsuite> <!-- com.qa.TestNG.Class3rd -->
