<?xml version="1.0" encoding="UTF-8"?>
<!-- Generated by org.testng.reporters.JUnitReportReporter -->
<testsuite hostname="Mayankas-MacBook-Air.local" failures="0" tests="2" name="com.qa.TestNG.Class1st" time="0.023" errors="0" timestamp="2024-05-26T23:43:29 IST" skipped="0">
  <testcase classname="com.qa.TestNG.Class1st" name="secondMethod" time="0.006"/>
  <testcase classname="com.qa.TestNG.Class1st" name="firstMethod" time="0.017"/>
</testsuite> <!-- com.qa.TestNG.Class1st -->
