<?xml version="1.0" encoding="UTF-8"?>
<!-- Generated by org.testng.reporters.JUnitReportReporter -->
<testsuite hostname="Mayankas-MacBook-Air.local" failures="0" tests="2" name="com.qa.TestNG.Class1st" time="0.002" errors="0" timestamp="2024-06-21T16:42:25 IST" skipped="0">
  <testcase classname="com.qa.TestNG.Class1st" name="secondMethod" time="0.001"/>
  <testcase classname="com.qa.TestNG.Class1st" name="firstMethod" time="0.001"/>
</testsuite> <!-- com.qa.TestNG.Class1st -->
