<?xml version="1.0" encoding="UTF-8"?>
<!-- Generated by org.testng.reporters.JUnitReportReporter -->
<testsuite hostname="Mayankas-MacBook-Air.local" failures="0" tests="3" name="com.qa.TestNG.Class2nd" time="0.009" errors="0" timestamp="2024-06-21T16:42:25 IST" skipped="0">
  <testcase classname="com.qa.TestNG.Class2nd" name="carLoanMobilePage" time="0.002"/>
  <testcase classname="com.qa.TestNG.Class2nd" name="carLoanWebPage" time="0.002"/>
  <testcase classname="com.qa.TestNG.Class2nd" name="carLoanAPIPage" time="0.005"/>
</testsuite> <!-- com.qa.TestNG.Class2nd -->
