<?xml version="1.0" encoding="UTF-8"?>
<!-- Generated by org.testng.reporters.JUnitReportReporter -->
<testsuite hostname="Mayankas-MacBook-Air.local" failures="0" tests="3" name="UdemyAutomation.StandAloneTestForBaseTest" time="85.599" errors="0" timestamp="2024-06-11T09:26:01 IST" skipped="0">
  <testcase classname="UdemyAutomation.StandAloneTestForBaseTest" name="purchaseCloth" time="33.721"/>
  <testcase classname="UdemyAutomation.StandAloneTestForBaseTest" name="validateOrderHistory" time="20.012"/>
  <testcase classname="UdemyAutomation.StandAloneTestForBaseTest" name="purchaseCloth" time="31.866"/>
</testsuite> <!-- UdemyAutomation.StandAloneTestForBaseTest -->
