<?xml version="1.0" encoding="UTF-8"?>
<!-- Generated by org.testng.reporters.JUnitReportReporter -->
<testsuite hostname="Mayankas-MacBook-Air.local" failures="0" tests="1" name="UdemyAutomation.StandAloneTestPOM" time="37.446" errors="0" timestamp="2024-05-31T19:36:33 IST" skipped="0">
  <testcase classname="UdemyAutomation.StandAloneTestPOM" name="purchaseCloth" time="37.446"/>
</testsuite> <!-- UdemyAutomation.StandAloneTestPOM -->
