<?xml version="1.0" encoding="UTF-8"?>
<!-- Generated by org.testng.reporters.JUnitReportReporter -->
<testsuite hostname="Mayankas-MacBook-Air.local" failures="0" tests="2" name="UdemyAutomation.StandAloneTestForBaseTest" time="140.081" errors="0" timestamp="2024-06-21T11:21:21 IST" skipped="0">
  <testcase classname="UdemyAutomation.StandAloneTestForBaseTest" name="purchaseCloth" time="35.921"/>
  <testcase classname="UdemyAutomation.StandAloneTestForBaseTest" name="purchaseCloth" time="104.160"/>
</testsuite> <!-- UdemyAutomation.StandAloneTestForBaseTest -->
