<?xml version="1.0" encoding="UTF-8"?>
<!-- Generated by org.testng.reporters.JUnitReportReporter -->
<testsuite hostname="Mayankas-MacBook-Air.local" failures="0" tests="1" name="com.qa.rest.tests.GetAPIRequest" time="2.860" errors="0" timestamp="2024-08-27T17:12:30 IST" skipped="0">
  <testcase classname="com.qa.rest.tests.GetAPIRequest" name="getAllBooking" time="2.860"/>
</testsuite> <!-- com.qa.rest.tests.GetAPIRequest -->
