<?xml version="1.0" encoding="UTF-8"?>
<!-- Generated by org.testng.reporters.JUnitReportReporter -->
<testsuite hostname="Mayankas-MacBook-Air.local" failures="0" tests="1" name="com.qa.rest.tests.GetCallBDD" time="1.498" errors="0" timestamp="2024-08-27T14:12:11 IST" skipped="0">
  <testcase classname="com.qa.rest.tests.GetCallBDD" name="test_numberOffCircuitsFor2023Season" time="1.498"/>
</testsuite> <!-- com.qa.rest.tests.GetCallBDD -->
