<?xml version="1.0" encoding="UTF-8"?>
<!-- Generated by org.testng.reporters.JUnitReportReporter -->
<testsuite hostname="Mayankas-MacBook-Air.local" failures="0" tests="1" name="com.qa.rest.tests.PostAPIRequest" time="5.848" errors="0" timestamp="2024-08-31T17:01:23 IST" skipped="0">
  <testcase classname="com.qa.rest.tests.PostAPIRequest" name="createBooking" time="5.848"/>
</testsuite> <!-- com.qa.rest.tests.PostAPIRequest -->
