<?xml version="1.0" encoding="UTF-8"?>
<!-- Generated by org.testng.reporters.JUnitReportReporter -->
<testsuite hostname="Mayankas-MacBook-Air.local" failures="0" tests="3" name="udemyAutomationTest.StandAloneTestForBaseTest" time="168.839" errors="0" timestamp="2024-06-21T17:00:28 IST" skipped="0">
  <testcase classname="udemyAutomationTest.StandAloneTestForBaseTest" name="validateOrderHistory" time="22.267"/>
  <testcase classname="udemyAutomationTest.StandAloneTestForBaseTest" name="purchaseCloth" time="107.761"/>
  <testcase classname="udemyAutomationTest.StandAloneTestForBaseTest" name="purchaseCloth" time="38.811"/>
</testsuite> <!-- udemyAutomationTest.StandAloneTestForBaseTest -->
