<?xml version="1.0" encoding="UTF-8"?>
<!-- Generated by org.testng.reporters.JUnitReportReporter -->
<testsuite hostname="Mayankas-MacBook-Air.local" failures="0" tests="1" name="UdemyAutomation.StandAloneForErrorValidationsTest" time="23.799" errors="0" timestamp="2024-06-07T15:37:41 IST" skipped="0">
  <testcase classname="UdemyAutomation.StandAloneForErrorValidationsTest" name="purchaseCloth" time="23.799"/>
</testsuite> <!-- UdemyAutomation.StandAloneForErrorValidationsTest -->
