<?xml version="1.0" encoding="UTF-8"?>
<!-- Generated by org.testng.reporters.JUnitReportReporter -->
<testsuite hostname="Mayankas-MacBook-Air.local" failures="0" tests="1" name="UdemyAutomation.ErrorValidations" time="17.049" errors="0" timestamp="2024-06-05T16:04:22 IST" skipped="0">
  <testcase classname="UdemyAutomation.ErrorValidations" name="purchaseCloth" time="17.049"/>
</testsuite> <!-- UdemyAutomation.ErrorValidations -->
