<?xml version="1.0" encoding="UTF-8"?>
<!-- Generated by org.testng.reporters.JUnitReportReporter -->
<testsuite hostname="Mayankas-MacBook-Air.local" failures="0" tests="2" name="com.qa.test.StandAloneTestForBaseTest" time="67.271" errors="0" timestamp="2024-06-24T10:38:46 IST" skipped="0">
  <testcase classname="com.qa.test.StandAloneTestForBaseTest" name="purchaseCloth" time="33.778"/>
  <testcase classname="com.qa.test.StandAloneTestForBaseTest" name="purchaseCloth" time="33.493"/>
</testsuite> <!-- com.qa.test.StandAloneTestForBaseTest -->
